<?xml version="1.0" encoding="UTF-8"?>
<!-- Generated by org.testng.reporters.JUnitReportReporter -->
<testsuite hostname="LAPTOP-2I2DNUQP" failures="0" tests="1" name="TestNG.facebook" time="47.448" errors="0" timestamp="2025-02-20T10:35:43 IST" skipped="0">
  <testcase classname="TestNG.facebook" name="lauchfb" time="47.448"/>
</testsuite> <!-- TestNG.facebook -->
