<?xml version="1.0" encoding="UTF-8"?>
<!-- Generated by org.testng.reporters.JUnitReportReporter -->
<testsuite hostname="LAPTOP-2I2DNUQP" failures="0" tests="1" name="Anotation.testScenario" time="0.011" errors="0" timestamp="2025-02-24T09:50:36 IST" skipped="0">
  <testcase classname="Anotation.testScenario" name="Demo" time="0.011"/>
</testsuite> <!-- Anotation.testScenario -->
