<?xml version="1.0" encoding="UTF-8"?>
<!-- Generated by org.testng.reporters.JUnitReportReporter -->
<testsuite hostname="LAPTOP-2I2DNUQP" failures="0" tests="3" name="TestNG.theadPoolSize" time="0.008" errors="0" timestamp="2025-02-20T09:46:25 IST" skipped="0">
  <testcase classname="TestNG.theadPoolSize" name="demo" time="0.004">
    <system-out>
      <![CDATA[demo1234]]>
    </system-out>
  </testcase> <!-- demo -->
  <testcase classname="TestNG.theadPoolSize" name="demo" time="0.002">
    <system-out>
      <![CDATA[demo1234]]>
    </system-out>
  </testcase> <!-- demo -->
  <testcase classname="TestNG.theadPoolSize" name="demo" time="0.002">
    <system-out>
      <![CDATA[demo1234]]>
    </system-out>
  </testcase> <!-- demo -->
  <system-out>
    <![CDATA[Start the Execution
keshav
jagan
demo1234
demo1234
demo1234
apple
apple
apple
carrot
banana]]>
  </system-out>
</testsuite> <!-- TestNG.theadPoolSize -->
