<?xml version="1.0" encoding="UTF-8"?>
<!-- Generated by org.testng.reporters.JUnitReportReporter -->
<testsuite hostname="LAPTOP-2I2DNUQP" failures="0" tests="1" name="TestNG.groups" time="0.019" errors="0" timestamp="2025-02-20T10:05:34 IST" skipped="0">
  <testcase classname="TestNG.groups" name="selenium" time="0.019">
    <system-out>
      <![CDATA[selenium]]>
    </system-out>
  </testcase> <!-- selenium -->
  <system-out>
    <![CDATA[selenium]]>
  </system-out>
</testsuite> <!-- TestNG.groups -->
