<?xml version="1.0" encoding="UTF-8"?>
<!-- Generated by org.testng.reporters.JUnitReportReporter -->
<testsuite hostname="LAPTOP-2I2DNUQP" failures="0" tests="5" name="TestNG.invocation" time="0.008" errors="0" timestamp="2025-02-20T09:46:25 IST" skipped="0">
  <testcase classname="TestNG.invocation" name="Apple" time="0.003">
    <system-out>
      <![CDATA[apple]]>
    </system-out>
  </testcase> <!-- Apple -->
  <testcase classname="TestNG.invocation" name="Apple" time="0.001">
    <system-out>
      <![CDATA[apple]]>
    </system-out>
  </testcase> <!-- Apple -->
  <testcase classname="TestNG.invocation" name="Apple" time="0.002">
    <system-out>
      <![CDATA[apple]]>
    </system-out>
  </testcase> <!-- Apple -->
  <testcase classname="TestNG.invocation" name="carrot" time="0.001">
    <system-out>
      <![CDATA[carrot]]>
    </system-out>
  </testcase> <!-- carrot -->
  <testcase classname="TestNG.invocation" name="banana" time="0.001">
    <system-out>
      <![CDATA[banana]]>
    </system-out>
  </testcase> <!-- banana -->
  <system-out>
    <![CDATA[Start the Execution
keshav
jagan
demo1234
demo1234
demo1234
apple
apple
apple
carrot
banana]]>
  </system-out>
</testsuite> <!-- TestNG.invocation -->
