<?xml version="1.0" encoding="UTF-8"?>
<!-- Generated by org.testng.reporters.JUnitReportReporter -->
<testsuite hostname="LAPTOP-2I2DNUQP" failures="0" tests="2" name="DataProvider.DataProvider1" time="0.022" errors="0" timestamp="2025-02-24T10:36:58 IST" skipped="0">
  <testcase classname="DataProvider.DataProvider1" name="demo" time="0.020"/>
  <testcase classname="DataProvider.DataProvider1" name="demo" time="0.002"/>
</testsuite> <!-- DataProvider.DataProvider1 -->
