<?xml version="1.0" encoding="UTF-8"?>
<!-- Generated by org.testng.reporters.JUnitReportReporter -->
<testsuite hostname="LAPTOP-2I2DNUQP" failures="0" tests="1" name="Assertions.softAssert" time="4.477" errors="0" timestamp="2025-02-25T09:59:07 IST" skipped="0">
  <testcase classname="Assertions.softAssert" name="SoftAssert" time="4.477"/>
</testsuite> <!-- Assertions.softAssert -->
