<?xml version="1.0" encoding="UTF-8"?>
<!-- Generated by org.testng.reporters.JUnitReportReporter -->
<testsuite hostname="LAPTOP-2I2DNUQP" failures="0" tests="3" name="TestNG.UsingPriorityFlag" time="0.020" errors="0" timestamp="2025-02-20T09:46:25 IST" skipped="0">
  <testcase classname="TestNG.UsingPriorityFlag" name="apple" time="0.016">
    <system-out>
      <![CDATA[Start the Execution]]>
    </system-out>
  </testcase> <!-- apple -->
  <testcase classname="TestNG.UsingPriorityFlag" name="ceshav" time="0.002">
    <system-out>
      <![CDATA[keshav]]>
    </system-out>
  </testcase> <!-- ceshav -->
  <testcase classname="TestNG.UsingPriorityFlag" name="bikhil" time="0.002">
    <system-out>
      <![CDATA[jagan]]>
    </system-out>
  </testcase> <!-- bikhil -->
  <system-out>
    <![CDATA[Start the Execution
keshav
jagan
demo1234
demo1234
demo1234
apple
apple
apple
carrot
banana]]>
  </system-out>
</testsuite> <!-- TestNG.UsingPriorityFlag -->
