<?xml version="1.0" encoding="UTF-8"?>
<!-- Generated by org.testng.reporters.JUnitReportReporter -->
<testsuite hostname="LAPTOP-2I2DNUQP" failures="0" tests="2" name="CrossBrowser.whatapp" time="41.056" errors="0" timestamp="2025-02-24T12:59:41 IST" skipped="0">
  <testcase classname="CrossBrowser.whatapp" name="lauchwhp" time="20.520"/>
  <testcase classname="CrossBrowser.whatapp" name="lauchwhp" time="20.536"/>
</testsuite> <!-- CrossBrowser.whatapp -->
