<?xml version="1.0" encoding="UTF-8"?>
<!-- Generated by org.testng.reporters.JUnitReportReporter -->
<testsuite hostname="LAPTOP-2I2DNUQP" failures="0" tests="1" name="Assertions.UsingHardAssert" time="6.565" errors="0" timestamp="2025-02-25T09:34:12 IST" skipped="0">
  <testcase classname="Assertions.UsingHardAssert" name="HardAssert" time="6.565"/>
</testsuite> <!-- Assertions.UsingHardAssert -->
