<?xml version="1.0" encoding="UTF-8"?>
<!-- Generated by org.testng.reporters.JUnitReportReporter -->
<testsuite hostname="LAPTOP-2I2DNUQP" failures="0" tests="1" name="Listener.listener" time="0.021" errors="0" timestamp="2025-02-26T09:12:11 IST" skipped="0">
  <testcase classname="Listener.listener" name="demo" time="0.021"/>
</testsuite> <!-- Listener.listener -->
